<?xml version="1.0" encoding="UTF-8"?>
<!-- Generated by org.testng.reporters.JUnitReportReporter -->
<testsuite skipped="0" hostname="SCA-WS380" name="testPackage.RegisterTests" tests="4" failures="0" timestamp="08 Sep 2017 19:25:38 GMT" time="3.856" errors="0">
  <testcase name="testVerifyErrorDisplayedWhenPasswordDoesNotMatchWithConfirmPassword" time="0.766" classname="testPackage.RegisterTests"/>
  <testcase name="testVerifyErrorDisplayedWhenUsingExistingUserName" time="0.982" classname="testPackage.RegisterTests"/>
  <testcase name="testVerifyAllTheMandatoryMessages" time="1.872" classname="testPackage.RegisterTests"/>
  <testcase name="testVerifyTheRegisterPageIsDisplayedCorrectly" time="0.236" classname="testPackage.RegisterTests"/>
</testsuite> <!-- testPackage.RegisterTests -->
