<?xml version="1.0" encoding="UTF-8"?>
<!-- Generated by org.testng.reporters.JUnitReportReporter -->
<testsuite skipped="0" hostname="SCA-WS380" name="testPackage.HomePageTests" tests="2" failures="0" timestamp="08 Sep 2017 19:25:38 GMT" time="0.841" errors="0">
  <testcase name="testVerifyHomePageLoadsCorrectly" time="0.518" classname="testPackage.HomePageTests"/>
  <testcase name="testVerifyHomePageLoadsCorrectlyFromTabMenu" time="0.323" classname="testPackage.HomePageTests"/>
</testsuite> <!-- testPackage.HomePageTests -->
