<?xml version="1.0" encoding="UTF-8"?>
<!-- Generated by org.testng.reporters.JUnitReportReporter -->
<testsuite skipped="0" hostname="SCA-WS380" name="testPackage.LoginTests" tests="3" failures="0" timestamp="08 Sep 2017 19:25:38 GMT" time="4.950" errors="0">
  <testcase name="testVerifyTheLoginPageIsDisplayedCorrectly" time="2.240" classname="testPackage.LoginTests"/>
  <testcase name="testVerifyTheUserIsAbleToLoginWhenSendingValidCredentials" time="1.376" classname="testPackage.LoginTests"/>
  <testcase name="testVerifyTheUserIsNotAbleToLoginWhenSendingInvalidCredentials" time="1.334" classname="testPackage.LoginTests"/>
</testsuite> <!-- testPackage.LoginTests -->
